\BOOKMARK [0][-]{chapter.1}{\376\377\000T\000h\000e\000r\000m\000o\000d\000y\000n\000a\000m\000i\000k}{}% 1
\BOOKMARK [1][-]{section.1.1}{\376\377\000E\000n\000e\000r\000g\000e\000t\000i\000k}{chapter.1}% 2
\BOOKMARK [2][-]{subsection.1.1.1}{\376\377\000C\000h\000e\000m\000i\000s\000c\000h\000e\000\040\000R\000e\000a\000k\000t\000i\000o\000n\000e\000n\000\040\000u\000n\000d\000\040\000E\000n\000e\000r\000g\000i\000e}{section.1.1}% 3
\BOOKMARK [2][-]{subsection.1.1.2}{\376\377\000S\000y\000s\000t\000e\000m\000\040\000u\000n\000d\000\040\000U\000m\000g\000e\000b\000u\000n\000g}{section.1.1}% 4
\BOOKMARK [2][-]{subsection.1.1.3}{\376\377\000D\000i\000e\000\040\000i\000n\000n\000e\000r\000e\000\040\000E\000n\000e\000r\000g\000i\000e}{section.1.1}% 5
\BOOKMARK [2][-]{subsection.1.1.4}{\376\377\000E\000n\000e\000r\000g\000i\000e\000e\000r\000h\000a\000l\000t\000u\000n\000g\000s\000s\000a\000t\000z}{section.1.1}% 6
\BOOKMARK [1][-]{section.1.2}{\376\377\000E\000n\000d\000o\000t\000h\000e\000r\000m\000\040\000u\000n\000d\000\040\000E\000x\000o\000t\000h\000e\000r\000m}{chapter.1}% 7
\BOOKMARK [1][-]{section.1.3}{\376\377\000I\000n\000n\000e\000r\000e\000\040\000E\000n\000e\000r\000g\000i\000e}{chapter.1}% 8
\BOOKMARK [2][-]{subsection.1.3.1}{\376\377\000I\000n\000n\000e\000r\000e\000\040\000E\000n\000e\000r\000g\000i\000e}{section.1.3}% 9
\BOOKMARK [1][-]{section.1.4}{\376\377\000E\000n\000t\000h\000a\000l\000p\000i\000e}{chapter.1}% 10
\BOOKMARK [2][-]{subsection.1.4.1}{\376\377\000S\000t\000a\000n\000d\000a\000r\000d\000r\000e\000a\000k\000t\000i\000o\000n\000s\000e\000n\000t\000h\000a\000l\000p\000i\000e}{section.1.4}% 11
\BOOKMARK [2][-]{subsection.1.4.2}{\376\377\000R\000e\000a\000k\000t\000i\000o\000n\000s\000e\000n\000t\000h\000a\000l\000p\000i\000e\000\040\000b\000e\000r\000e\000c\000h\000n\000e\000n}{section.1.4}% 12
\BOOKMARK [1][-]{section.1.5}{\376\377\000E\000n\000t\000r\000o\000p\000i\000e}{chapter.1}% 13
\BOOKMARK [2][-]{subsection.1.5.1}{\376\377\000R\000e\000a\000k\000t\000i\000o\000n\000s\000e\000n\000t\000r\000o\000p\000i\000e}{section.1.5}% 14
\BOOKMARK [2][-]{subsection.1.5.2}{\376\377\000\040\0002\000.\000\040\000H\000a\000u\000p\000t\000s\000a\000t\000z\000\040\000d\000e\000r\000\040\000T\000h\000e\000r\000m\000o\000d\000y\000n\000a\000m\000i\000k}{section.1.5}% 15
\BOOKMARK [2][-]{subsection.1.5.3}{\376\377\000\040\0003\000.\000\040\000H\000a\000u\000p\000t\000s\000a\000t\000z\000\040\000d\000e\000r\000\040\000T\000h\000e\000r\000m\000o\000d\000y\000n\000a\000m\000i\000k}{section.1.5}% 16
\BOOKMARK [0][-]{chapter.2}{\376\377\000M\000e\000t\000a\000s\000t\000a\000b\000i\000l\000e\000\040\000S\000y\000s\000t\000e\000m\000e}{}% 17
\BOOKMARK [1][-]{section.2.1}{\376\377\000C\000h\000e\000m\000i\000s\000c\000h\000e\000s\000\040\000G\000l\000e\000i\000c\000h\000g\000e\000w\000i\000c\000h\000t}{chapter.2}% 18
\BOOKMARK [2][-]{subsection.2.1.1}{\376\377\000C\000h\000e\000m\000i\000s\000c\000h\000e\000s\000\040\000G\000l\000e\000i\000c\000h\000g\000e\000w\000i\000c\000h\000t\000\040\000B\000e\000r\000e\000c\000h\000n\000u\000n\000g}{section.2.1}% 19
\BOOKMARK [1][-]{section.2.2}{\376\377\000M\000e\000t\000a\000s\000t\000a\000b\000i\000l\000e\000\040\000S\000y\000s\000t\000e\000m\000e}{chapter.2}% 20
\BOOKMARK [1][-]{section.2.3}{\376\377\000S\000p\000o\000n\000t\000a\000n\000e\000\040\000V\000o\000r\000g\000\344\000n\000g\000e}{chapter.2}% 21
\BOOKMARK [2][-]{subsection.2.3.1}{\376\377\000G\000i\000b\000b\000s\000\040\000H\000e\000m\000l\000h\000o\000l\000z\000\040\000G\000l\000e\000i\000c\000h\000u\000n\000g}{section.2.3}% 22
\BOOKMARK [2][-]{subsection.2.3.2}{\376\377\000O\000r\000d\000n\000u\000n\000g\000\040\000i\000m\000\040\000S\000y\000s\000t\000e\000m}{section.2.3}% 23
\BOOKMARK [0][-]{chapter.3}{\376\377\000S\000\344\000u\000r\000e\000/\000B\000a\000s\000e}{}% 24
\BOOKMARK [1][-]{section.3.1}{\376\377\000S\000\344\000u\000r\000e\000-\000B\000a\000s\000e\000\040\000L\000i\000s\000t\000e}{chapter.3}% 25
\BOOKMARK [1][-]{section.3.2}{\376\377\000p\000H\000-\000W\000e\000r\000t}{chapter.3}% 26
\BOOKMARK [2][-]{subsection.3.2.1}{\376\377\000p\000K\000s\000/\000p\000K\000b\000\040\000B\000e\000r\000e\000c\000h\000n\000u\000n\000g}{section.3.2}% 27
\BOOKMARK [1][-]{section.3.3}{\376\377\000p\000K\000s\000/\000p\000K\000b\000\040\000W\000e\000r\000t}{chapter.3}% 28
\BOOKMARK [2][-]{subsection.3.3.1}{\376\377\000p\000K\000s\000/\000p\000K\000b\000\040\000B\000e\000r\000e\000c\000h\000n\000e\000n}{section.3.3}% 29
\BOOKMARK [1][-]{section.3.4}{\376\377\000S\000\344\000u\000r\000e\000\040\000B\000a\000s\000e\000\040\000R\000e\000a\000k\000t\000i\000o\000n}{chapter.3}% 30
\BOOKMARK [1][-]{section.3.5}{\376\377\000P\000u\000f\000f\000e\000r}{chapter.3}% 31
\BOOKMARK [2][-]{subsection.3.5.1}{\376\377\000P\000u\000f\000f\000e\000r\000\040\000B\000e\000r\000e\000c\000h\000n\000u\000n\000g}{section.3.5}% 32
\BOOKMARK [0][-]{chapter.4}{\376\377\000N\000a\000t\000u\000r\000s\000t\000o\000f\000f\000e}{}% 33
\BOOKMARK [1][-]{section.4.1}{\376\377\000K\000o\000h\000l\000e\000n\000h\000y\000d\000r\000a\000t\000e}{chapter.4}% 34
\BOOKMARK [1][-]{section.4.2}{\376\377\000S\000c\000h\000r\000e\000i\000b\000w\000e\000i\000s\000e\000n}{chapter.4}% 35
\BOOKMARK [2][-]{subsection.4.2.1}{\376\377\000F\000i\000s\000c\000h\000e\000r\000\040\000P\000r\000o\000j\000e\000k\000t\000i\000o\000n}{section.4.2}% 36
\BOOKMARK [2][-]{subsection.4.2.2}{\376\377\000H\000a\000w\000o\000r\000t\000h\000\040\000P\000r\000o\000j\000e\000k\000t\000i\000o\000n}{section.4.2}% 37
\BOOKMARK [1][-]{section.4.3}{\376\377\000Z\000u\000c\000k\000e\000r}{chapter.4}% 38
\BOOKMARK [2][-]{subsection.4.3.1}{\376\377\000M\000o\000n\000o\000s\000a\000c\000c\000h\000a\000r\000i\000d\000e}{section.4.3}% 39
\BOOKMARK [2][-]{subsection.4.3.2}{\376\377\000D\000i\000s\000a\000c\000c\000h\000a\000r\000a\000r\000i\000d\000e}{section.4.3}% 40
\BOOKMARK [2][-]{subsection.4.3.3}{\376\377\000O\000l\000i\000g\000o\000s\000a\000c\000c\000h\000a\000r\000i\000d\000e}{section.4.3}% 41
\BOOKMARK [2][-]{subsection.4.3.4}{\376\377\000P\000o\000l\000y\000s\000a\000c\000c\000h\000a\000r\000i\000d\000e}{section.4.3}% 42
\BOOKMARK [1][-]{section.4.4}{\376\377\000S\000t\000\344\000r\000k\000e}{chapter.4}% 43
\BOOKMARK [2][-]{subsection.4.4.1}{\376\377\000A\000m\000y\000l\000o\000s\000e}{section.4.4}% 44
\BOOKMARK [2][-]{subsection.4.4.2}{\376\377\000A\000m\000y\000l\000o\000p\000e\000k\000t\000i\000n}{section.4.4}% 45
\BOOKMARK [1][-]{section.4.5}{\376\377\000A\000m\000i\000n\000o\000s\000\344\000u\000r\000e\000n}{chapter.4}% 46
\BOOKMARK [2][-]{subsection.4.5.1}{\376\377\000C\000h\000r\000o\000m\000a\000t\000o\000g\000r\000a\000p\000h\000i\000e}{section.4.5}% 47
\BOOKMARK [1][-]{section.4.6}{\376\377\000P\000r\000o\000t\000e\000i\000n\000e}{chapter.4}% 48
\BOOKMARK [2][-]{subsection.4.6.1}{\376\377\000D\000e\000n\000a\000t\000u\000r\000i\000e\000r\000u\000n\000g\000\040\000v\000o\000n\000\040\000P\000r\000o\000t\000e\000i\000n\000e\000n}{section.4.6}% 49
\BOOKMARK [2][-]{subsection.4.6.2}{\376\377\000P\000r\000o\000t\000e\000i\000n\000\040\000E\000n\000z\000y\000m\000e}{section.4.6}% 50
\BOOKMARK [1][-]{section.4.7}{\376\377\000S\000t\000o\000f\000f\000k\000l\000a\000s\000s\000e\000\040\000F\000e\000t\000t\000e}{chapter.4}% 51
\BOOKMARK [2][-]{subsection.4.7.1}{\376\377\000C\000h\000e\000m\000i\000s\000c\000h\000e\000r\000\040\000A\000u\000f\000b\000a\000u\000\040\000v\000o\000n\000\040\000F\000e\000t\000t\000e\000n\000\040\000u\000n\000d\000\040\000\326\000l\000e\000n}{section.4.7}% 52
\BOOKMARK [2][-]{subsection.4.7.2}{\376\377\000F\000e\000t\000t\000h\000\344\000r\000t\000u\000n\000g\000/\000M\000a\000r\000g\000a\000r\000i\000n\000e}{section.4.7}% 53
\BOOKMARK [2][-]{subsection.4.7.3}{\376\377\000B\000e\000g\000r\000i\000f\000f\000e}{section.4.7}% 54
\BOOKMARK [2][-]{subsection.4.7.4}{\376\377\000U\000n\000g\000e\000s\000\344\000t\000t\000i\000g\000t\000e\000\040\000F\000e\000t\000t\000s\000\344\000u\000r\000e\000n\000\040\000N\000a\000c\000h\000w\000e\000i\000s}{section.4.7}% 55
\BOOKMARK [1][-]{section.4.8}{\376\377\000B\000e\000g\000r\000i\000f\000f\000e}{chapter.4}% 56
\BOOKMARK [2][-]{subsection.4.8.1}{\376\377\000C\000h\000i\000r\000a\000l\000i\000t\000\344\000t}{section.4.8}% 57
\BOOKMARK [2][-]{subsection.4.8.2}{\376\377\000A\000c\000h\000i\000r\000a\000l\000i\000t\000\344\000t}{section.4.8}% 58
\BOOKMARK [2][-]{subsection.4.8.3}{\376\377\000I\000s\000o\000m\000e\000r\000i\000e}{section.4.8}% 59
\BOOKMARK [2][-]{subsection.4.8.4}{\376\377\000A\000n\000o\000m\000e\000r\000e}{section.4.8}% 60
\BOOKMARK [2][-]{subsection.4.8.5}{\376\377\000A\000s\000y\000m\000m\000e\000t\000r\000i\000s\000c\000h\000e\000s\000\040\000C\000-\000A\000t\000o\000m}{section.4.8}% 61
\BOOKMARK [2][-]{subsection.4.8.6}{\376\377\000F\000u\000r\000a\000n\000o\000s\000e\000,\000\040\000P\000y\000r\000a\000n\000o\000s\000e}{section.4.8}% 62
\BOOKMARK [1][-]{section.4.9}{\376\377\000V\000e\000r\000s\000u\000c\000h\000e}{chapter.4}% 63
\BOOKMARK [2][-]{subsection.4.9.1}{\376\377\000B\000e\000n\000e\000d\000i\000k\000t\000\040\000F\000e\000h\000l\000i\000n\000g\000\040\000/\000\040\000T\000o\000l\000l\000e\000n\000s\000\040\000P\000r\000o\000b\000e}{section.4.9}% 64
\BOOKMARK [2][-]{subsection.4.9.2}{\376\377\000S\000e\000l\000i\000w\000a\000n\000o\000w\000-\000P\000r\000o\000b\000e\000\040\000/\000\040\000G\000O\000D\000-\000T\000e\000s\000t}{section.4.9}% 65
\BOOKMARK [1][-]{section.4.10}{\376\377\000N\000a\000c\000h\000w\000e\000i\000s\000r\000e\000a\000k\000t\000i\000o\000n\000e\000n}{chapter.4}% 66
\BOOKMARK [2][-]{subsection.4.10.1}{\376\377\000S\000t\000\344\000r\000k\000e}{section.4.10}% 67
\BOOKMARK [2][-]{subsection.4.10.2}{\376\377\000A\000m\000i\000n\000o\000s\000\344\000u\000r\000e\000n}{section.4.10}% 68
\BOOKMARK [2][-]{subsection.4.10.3}{\376\377\000P\000r\000o\000t\000e\000i\000n\000e}{section.4.10}% 69
\BOOKMARK [1][-]{section.4.11}{\376\377\000W\000i\000c\000h\000t\000i\000g\000e\000\040\000S\000t\000o\000f\000f\000e\000\040\000+\000\040\000S\000t\000r\000u\000k\000t\000u\000r}{chapter.4}% 70
\BOOKMARK [0][-]{chapter.5}{\376\377\000A\000r\000o\000m\000a\000t\000e\000n}{}% 71
\BOOKMARK [1][-]{section.5.1}{\376\377\000A\000l\000l\000g\000e\000m\000e\000i\000n}{chapter.5}% 72
\BOOKMARK [1][-]{section.5.2}{\376\377\000B\000e\000g\000r\000i\000f\000f\000e}{chapter.5}% 73
\BOOKMARK [2][-]{subsection.5.2.1}{\376\377\000B\000e\000n\000z\000o\000l\000\040\000-\000\040\000B\000e\000n\000z\000e\000n}{section.5.2}% 74
\BOOKMARK [2][-]{subsection.5.2.2}{\376\377\000M\000e\000s\000o\000m\000e\000r\000i\000e\000\040\000E\000n\000e\000r\000g\000i\000e}{section.5.2}% 75
\BOOKMARK [2][-]{subsection.5.2.3}{\376\377\000R\000i\000n\000g\000f\000o\000r\000m}{section.5.2}% 76
\BOOKMARK [2][-]{subsection.5.2.4}{\376\377\000O\000r\000t\000h\000o\000-\000,\000\040\000M\000e\000t\000a\000-\000,\000\040\000P\000a\000r\000a\000-\000P\000o\000s\000i\000t\000i\000o\000n\000e\000n}{section.5.2}% 77
\BOOKMARK [2][-]{subsection.5.2.5}{\376\377\000W\000e\000i\000c\000h\000m\000a\000c\000h\000e\000r}{section.5.2}% 78
\BOOKMARK [2][-]{subsection.5.2.6}{\376\377\000H\000e\000t\000e\000r\000o\000c\000y\000c\000l\000i\000s\000c\000h\000e\000\040\000A\000r\000o\000m\000a\000t\000e\000n}{section.5.2}% 79
\BOOKMARK [2][-]{subsection.5.2.7}{\376\377\000P\000o\000l\000y\000c\000y\000c\000l\000i\000s\000c\000h\000e\000\040\000A\000r\000o\000m\000a\000t\000e\000n}{section.5.2}% 80
\BOOKMARK [1][-]{section.5.3}{\376\377\000B\000e\000n\000z\000o\000l\000d\000e\000r\000i\000v\000a\000t\000e}{chapter.5}% 81
\BOOKMARK [1][-]{section.5.4}{\376\377\000S\000t\000r\000u\000k\000t\000u\000r\000a\000u\000f\000k\000l\000\344\000r\000u\000n\000g}{chapter.5}% 82
\BOOKMARK [1][-]{section.5.5}{\376\377\000A\000r\000o\000m\000a\000t\000i\000s\000c\000h\000e\000r\000\040\000Z\000u\000s\000t\000a\000n\000d}{chapter.5}% 83
\BOOKMARK [1][-]{section.5.6}{\376\377\000H\000\374\000c\000k\000e\000l\000-\000R\000e\000g\000e\000l}{chapter.5}% 84
\BOOKMARK [1][-]{section.5.7}{\376\377\000M\000e\000c\000h\000a\000n\000i\000s\000m\000e\000n}{chapter.5}% 85
\BOOKMARK [2][-]{subsection.5.7.1}{\376\377\000R\000a\000d\000i\000k\000a\000l\000e\000\040\000S\000u\000b\000s\000t\000i\000t\000u\000t\000i\000o\000n}{section.5.7}% 86
\BOOKMARK [2][-]{subsection.5.7.2}{\376\377\000E\000l\000e\000k\000t\000r\000o\000p\000h\000i\000l\000e\000\040\000S\000u\000b\000s\000t\000i\000t\000u\000t\000i\000o\000n}{section.5.7}% 87
\BOOKMARK [2][-]{subsection.5.7.3}{\376\377\000E\000l\000e\000k\000t\000r\000o\000p\000h\000i\000l\000e\000\040\000A\000d\000d\000i\000t\000i\000o\000n}{section.5.7}% 88
\BOOKMARK [0][-]{chapter.6}{\376\377\000K\000u\000n\000s\000t\000s\000t\000o\000f\000f\000e}{}% 89
\BOOKMARK [1][-]{section.6.1}{\376\377\000B\000e\000g\000r\000i\000f\000f\000e}{chapter.6}% 90
\BOOKMARK [2][-]{subsection.6.1.1}{\376\377\000P\000o\000l\000y\000m\000e\000r\000i\000s\000a\000t\000i\000o\000n\000s\000g\000r\000a\000d}{section.6.1}% 91
\BOOKMARK [1][-]{section.6.2}{\376\377\000K\000u\000n\000s\000t\000s\000t\000o\000f\000f\000v\000e\000r\000w\000e\000r\000t\000u\000n\000g}{chapter.6}% 92
\BOOKMARK [2][-]{subsection.6.2.1}{\376\377\000P\000r\000o\000b\000l\000e\000m}{section.6.2}% 93
\BOOKMARK [2][-]{subsection.6.2.2}{\376\377\000D\000r\000e\000i\000\040\000V\000e\000r\000w\000e\000r\000t\000u\000n\000g\000s\000m\000\366\000g\000l\000i\000c\000h\000k\000e\000i\000t\000e\000n}{section.6.2}% 94
\BOOKMARK [2][-]{subsection.6.2.3}{\376\377\000B\000i\000o\000l\000o\000g\000i\000s\000c\000h\000\040\000a\000b\000b\000a\000u\000b\000a\000r\000e\000\040\000K\000u\000n\000s\000t\000s\000t\000o\000f\000f\000e}{section.6.2}% 95
\BOOKMARK [2][-]{subsection.6.2.4}{\376\377\000U\000n\000t\000e\000r\000s\000c\000h\000i\000e\000d\000\040\000z\000w\000i\000s\000c\000h\000e\000n\000\040\000b\000i\000o\000l\000o\000g\000i\000s\000c\000h\000\040\000a\000b\000b\000a\000u\000b\000a\000r\000e\000n\000-\000\040\000u\000n\000d\000\040\000B\000i\000o\000k\000u\000n\000s\000t\000s\000t\000o\000f\000f\000e\000n}{section.6.2}% 96
\BOOKMARK [1][-]{section.6.3}{\376\377\000E\000i\000n\000t\000e\000i\000l\000u\000n\000g\000\040\000d\000e\000r\000\040\000K\000u\000n\000s\000t\000s\000t\000o\000f\000f\000e\000\040\000i\000n\000\040\000v\000e\000r\000s\000c\000h\000i\000e\000d\000e\000n\000e\000\040\000A\000r\000t\000e\000n}{chapter.6}% 97
\BOOKMARK [2][-]{subsection.6.3.1}{\376\377\000m\000e\000c\000h\000a\000n\000i\000s\000c\000h\000e\000n\000/\000t\000h\000e\000r\000m\000i\000s\000c\000h\000e\000n\000\040\000E\000i\000g\000e\000n\000s\000c\000h\000a\000f\000t\000e\000n}{section.6.3}% 98
\BOOKMARK [2][-]{subsection.6.3.2}{\376\377\000R\000e\000a\000k\000t\000i\000o\000n\000s\000t\000y\000p\000e\000n}{section.6.3}% 99
\BOOKMARK [1][-]{section.6.4}{\376\377\000S\000y\000n\000t\000h\000e\000s\000e\000\040\000P\000o\000l\000y\000a\000m\000i\000d\000e}{chapter.6}% 100
\BOOKMARK [1][-]{section.6.5}{\376\377\000S\000y\000n\000t\000h\000e\000s\000e\000\040\000P\000o\000l\000y\000c\000a\000r\000b\000o\000n\000a\000t}{chapter.6}% 101
\BOOKMARK [1][-]{section.6.6}{\376\377\000P\000o\000l\000y\000m\000e\000r\000i\000s\000a\000t\000i\000o\000n}{chapter.6}% 102
\BOOKMARK [2][-]{subsection.6.6.1}{\376\377\000M\000e\000c\000h\000a\000n\000i\000s\000m\000u\000s}{section.6.6}% 103
\BOOKMARK [2][-]{subsection.6.6.2}{\376\377\000R\000e\000g\000e\000l\000u\000n\000g\000\040\000d\000e\000r\000\040\000K\000e\000t\000t\000e\000n\000l\000\344\000n\000g\000e\000\040\000b\000e\000i\000\040\000d\000e\000r\000\040\000P\000o\000l\000y\000m\000e\000r\000i\000s\000a\000t\000i\000o\000n}{section.6.6}% 104
\BOOKMARK [1][-]{section.6.7}{\376\377\000R\000e\000a\000k\000t\000i\000o\000n\000s\000t\000y\000p\000e\000n}{chapter.6}% 105
\BOOKMARK [2][-]{subsection.6.7.1}{\376\377\000P\000o\000l\000y\000k\000o\000n\000d\000e\000n\000s\000a\000t\000i\000o\000n\000s\000-\000R\000e\000a\000k\000t\000i\000o\000n}{section.6.7}% 106
\BOOKMARK [2][-]{subsection.6.7.2}{\376\377\000P\000o\000l\000y\000a\000d\000d\000i\000t\000i\000o\000n\000s\000-\000R\000e\000a\000k\000t\000i\000o\000n}{section.6.7}% 107
\BOOKMARK [0][-]{chapter.7}{\376\377\000E\000l\000e\000k\000t\000r\000o\000c\000h\000e\000m\000i\000e}{}% 108
\BOOKMARK [1][-]{section.7.1}{\376\377\000B\000e\000g\000r\000i\000f\000f\000e}{chapter.7}% 109
\BOOKMARK [2][-]{subsection.7.1.1}{\376\377\000D\000i\000s\000p\000r\000o\000p\000o\000r\000i\000t\000i\000o\000n\000i\000e\000r\000u\000n\000g}{section.7.1}% 110
\BOOKMARK [2][-]{subsection.7.1.2}{\376\377\000K\000o\000m\000p\000r\000o\000p\000o\000r\000t\000i\000o\000n\000i\000e\000r\000u\000n\000g}{section.7.1}% 111
\BOOKMARK [2][-]{subsection.7.1.3}{\376\377\000I\000o\000d\000o\000m\000e\000t\000r\000i\000e}{section.7.1}% 112
\BOOKMARK [2][-]{subsection.7.1.4}{\376\377\000N\000e\000r\000n\000s\000t\000\040\000G\000l\000e\000i\000c\000h\000u\000n\000g}{section.7.1}% 113
\BOOKMARK [1][-]{section.7.2}{\376\377\000R\000e\000d\000o\000x\000-\000R\000e\000a\000k\000t\000i\000o\000n\000e\000n}{chapter.7}% 114
\BOOKMARK [2][-]{subsection.7.2.1}{\376\377\000M\000e\000t\000a\000l\000l\000e\000\040\000s\000i\000n\000d\000\040\000u\000n\000t\000e\000r\000s\000c\000h\000i\000e\000d\000l\000i\000c\000h\000\040\000g\000u\000t\000\040\000o\000x\000i\000d\000i\000e\000r\000b\000a\000r}{section.7.2}% 115
\BOOKMARK [1][-]{section.7.3}{\376\377\000S\000t\000r\000o\000m\000f\000l\000u\000s\000s\000\040\000d\000u\000r\000c\000h\000\040\000E\000l\000e\000k\000t\000r\000i\000s\000c\000h\000e\000\040\000R\000e\000a\000k\000t\000i\000o\000n\000e\000n}{chapter.7}% 116
\BOOKMARK [2][-]{subsection.7.3.1}{\376\377\000D\000a\000n\000i\000e\000l\000l\000-\000E\000l\000e\000m\000e\000n\000t}{section.7.3}% 117
\BOOKMARK [1][-]{section.7.4}{\376\377\000S\000t\000a\000n\000d\000a\000r\000d\000p\000o\000t\000e\000n\000t\000i\000a\000l}{chapter.7}% 118
\BOOKMARK [1][-]{section.7.5}{\376\377\000B\000a\000t\000t\000e\000r\000i\000e\000\040\000u\000n\000d\000\040\000A\000k\000k\000u\000m\000u\000l\000a\000t\000o\000r\000e\000n}{chapter.7}% 119
\BOOKMARK [2][-]{subsection.7.5.1}{\376\377\000B\000a\000t\000t\000e\000r\000i\000e\000m\000o\000d\000e\000l\000l\000e}{section.7.5}% 120
\BOOKMARK [2][-]{subsection.7.5.2}{\376\377\000B\000r\000e\000n\000n\000s\000t\000o\000f\000f\000z\000e\000l\000l\000e}{section.7.5}% 121
\BOOKMARK [0][-]{chapter.8}{\376\377\000A\000l\000l\000g\000e\000m\000e\000i\000n\000e\000s}{}% 122
\BOOKMARK [1][-]{section.8.1}{\376\377\000H\000o\000m\000o\000l\000o\000g\000e\000\040\000R\000e\000i\000h\000e\000n}{chapter.8}% 123
\BOOKMARK [1][-]{section.8.2}{\376\377\000B\000i\000n\000d\000u\000n\000g\000e\000n}{chapter.8}% 124
\BOOKMARK [2][-]{subsection.8.2.1}{\376\377\000E\000l\000e\000k\000t\000r\000o\000n\000e\000n\000p\000a\000a\000r\000b\000i\000n\000d\000u\000n\000g}{section.8.2}% 125
\BOOKMARK [2][-]{subsection.8.2.2}{\376\377\000A\000t\000o\000m\000b\000i\000n\000d\000u\000n\000g}{section.8.2}% 126
\BOOKMARK [2][-]{subsection.8.2.3}{\376\377\000I\000o\000n\000e\000n\000b\000i\000n\000d\000u\000n\000g}{section.8.2}% 127
\BOOKMARK [2][-]{subsection.8.2.4}{\376\377\000M\000e\000t\000a\000l\000l\000b\000i\000n\000d\000u\000n\000g}{section.8.2}% 128
\BOOKMARK [2][-]{subsection.8.2.5}{\376\377\000K\000o\000o\000r\000d\000i\000n\000a\000t\000i\000v\000e\000\040\000B\000i\000n\000d\000u\000n\000g\000e\000n}{section.8.2}% 129
\BOOKMARK [1][-]{section.8.3}{\376\377\000P\000o\000l\000a\000r\000i\000t\000\344\000t}{chapter.8}% 130
\BOOKMARK [1][-]{section.8.4}{\376\377\000W\000e\000c\000h\000e\000l\000w\000i\000r\000k\000u\000n\000g\000e\000n}{chapter.8}% 131
\BOOKMARK [2][-]{subsection.8.4.1}{\376\377\000W\000a\000s\000s\000e\000r\000s\000t\000o\000f\000f\000b\000r\000\374\000c\000k\000e\000n\000w\000e\000c\000h\000e\000l\000w\000i\000r\000k\000u\000n\000g}{section.8.4}% 132
\BOOKMARK [2][-]{subsection.8.4.2}{\376\377\000L\000o\000n\000d\000o\000n\000-\000W\000e\000c\000h\000e\000s\000l\000w\000i\000r\000k\000u\000n\000g}{section.8.4}% 133
\BOOKMARK [2][-]{subsection.8.4.3}{\376\377\000D\000i\000p\000o\000l\000-\000D\000i\000p\000o\000l\000\040\000W\000e\000c\000h\000s\000e\000l\000w\000i\000r\000k\000u\000n\000g}{section.8.4}% 134
\BOOKMARK [2][-]{subsection.8.4.4}{\376\377\000I\000o\000n\000i\000s\000c\000h\000e\000-\000W\000e\000c\000h\000s\000e\000l\000w\000i\000r\000k\000u\000n\000g}{section.8.4}% 135
\BOOKMARK [1][-]{section.8.5}{\376\377\000A\000k\000t\000i\000v\000i\000e\000r\000u\000n\000g\000s\000e\000n\000e\000r\000g\000i\000e}{chapter.8}% 136
\BOOKMARK [1][-]{section.8.6}{\376\377\000K\000a\000l\000o\000r\000i\000m\000e\000t\000e\000r}{chapter.8}% 137
\BOOKMARK [1][-]{section.8.7}{\376\377\000K\000a\000t\000a\000l\000y\000s\000a\000t\000o\000r}{chapter.8}% 138
\BOOKMARK [1][-]{section.8.8}{\376\377\000M\000a\000s\000s\000e\000n\000w\000i\000r\000k\000u\000n\000g\000s\000g\000e\000t\000z}{chapter.8}% 139
\BOOKMARK [1][-]{section.8.9}{\376\377\000N\000u\000k\000l\000e\000o\000p\000h\000i\000l\000e\000r\000\040\000A\000n\000g\000r\000i\000f\000f}{chapter.8}% 140
\BOOKMARK [1][-]{section.8.10}{\376\377\000R\000e\000d\000o\000x\000\040\000R\000e\000a\000k\000t\000i\000o\000n}{chapter.8}% 141
\BOOKMARK [2][-]{subsection.8.10.1}{\376\377\000O\000x\000i\000d\000a\000t\000i\000o\000n}{section.8.10}% 142
\BOOKMARK [2][-]{subsection.8.10.2}{\376\377\000R\000e\000d\000u\000k\000t\000i\000o\000n}{section.8.10}% 143
\BOOKMARK [2][-]{subsection.8.10.3}{\376\377\000R\000e\000d\000o\000x\000\040\000R\000e\000a\000k\000t\000i\000o\000n}{section.8.10}% 144
\BOOKMARK [1][-]{section.8.11}{\376\377\000I\000s\000o\000m\000e\000r\000i\000e}{chapter.8}% 145
\BOOKMARK [1][-]{section.8.12}{\376\377\000N\000a\000c\000h\000w\000e\000i\000s\000r\000e\000a\000k\000t\000i\000o\000n\000e\000n}{chapter.8}% 146
\BOOKMARK [1][-]{section.8.13}{\376\377\000S\000c\000h\000r\000e\000i\000b\000w\000e\000i\000s\000e\000n}{chapter.8}% 147
\BOOKMARK [2][-]{subsection.8.13.1}{\376\377\000F\000i\000s\000c\000h\000e\000r\000\040\000P\000r\000o\000j\000e\000k\000t\000i\000o\000n}{section.8.13}% 148
\BOOKMARK [2][-]{subsection.8.13.2}{\376\377\000H\000a\000w\000o\000r\000t\000h\000\040\000P\000r\000o\000j\000e\000k\000t\000i\000o\000n}{section.8.13}% 149
\BOOKMARK [2][-]{subsection.8.13.3}{\376\377\000I\000o\000n\000e\000n\000s\000c\000h\000r\000e\000i\000b\000w\000e\000i\000s\000e}{section.8.13}% 150
\BOOKMARK [2][-]{subsection.8.13.4}{\376\377\000L\000e\000w\000i\000s\000\040\000F\000o\000r\000m\000e\000l}{section.8.13}% 151
\BOOKMARK [2][-]{subsection.8.13.5}{\376\377\000S\000t\000r\000u\000k\000t\000u\000r\000f\000o\000r\000m\000e\000l}{section.8.13}% 152
\BOOKMARK [1][-]{section.8.14}{\376\377\000W\000i\000c\000h\000t\000i\000g\000e\000\040\000S\000t\000o\000f\000f\000e}{chapter.8}% 153
\BOOKMARK [0][-]{chapter.9}{\376\377\000W\000a\000s\000\040\000f\000e\000h\000l\000t\000\040\000n\000o\000c\000h\000?}{}% 154
